CRITICAL - 2025-05-23 09:18:02 --> Error: Class "App\Controllers\NewsModel" not found
[Method: GET, Route: news_room/fetch]
in APPPATH/Controllers/News_Rooms.php on line 26.
 1 SYSTEMPATH/CodeIgniter.php(933): App\Controllers\News_Rooms->fetch()
 2 SYSTEMPATH/CodeIgniter.php(507): CodeIgniter\CodeIgniter->runController()
 3 SYSTEMPATH/CodeIgniter.php(354): CodeIgniter\CodeIgniter->handleRequest()
 4 SYSTEMPATH/Boot.php(334): CodeIgniter\CodeIgniter->run()
 5 SYSTEMPATH/Boot.php(67): CodeIgniter\Boot::runCodeIgniter()
 6 FCPATH/index.php(56): CodeIgniter\Boot::bootWeb()
CRITICAL - 2025-05-23 09:18:23 --> Error: Class "App\Controllers\NewsModel" not found
[Method: GET, Route: news_room/fetch]
in APPPATH/Controllers/News_Rooms.php on line 26.
 1 SYSTEMPATH/CodeIgniter.php(933): App\Controllers\News_Rooms->fetch()
 2 SYSTEMPATH/CodeIgniter.php(507): CodeIgniter\CodeIgniter->runController()
 3 SYSTEMPATH/CodeIgniter.php(354): CodeIgniter\CodeIgniter->handleRequest()
 4 SYSTEMPATH/Boot.php(334): CodeIgniter\CodeIgniter->run()
 5 SYSTEMPATH/Boot.php(67): CodeIgniter\Boot::runCodeIgniter()
 6 FCPATH/index.php(56): CodeIgniter\Boot::bootWeb()
CRITICAL - 2025-05-23 09:20:47 --> ErrorException: Undefined property: stdClass::$image
[Method: GET, Route: news_room/fetch]
in APPPATH/Controllers/News_Rooms.php on line 34.
 1 APPPATH/Controllers/News_Rooms.php(34): CodeIgniter\Debug\Exceptions->errorHandler()
 2 [internal function]: App\Controllers\News_Rooms->App\Controllers\{closure}()
 3 APPPATH/Controllers/News_Rooms.php(30): array_map()
 4 SYSTEMPATH/CodeIgniter.php(933): App\Controllers\News_Rooms->fetch()
 5 SYSTEMPATH/CodeIgniter.php(507): CodeIgniter\CodeIgniter->runController()
 6 SYSTEMPATH/CodeIgniter.php(354): CodeIgniter\CodeIgniter->handleRequest()
 7 SYSTEMPATH/Boot.php(334): CodeIgniter\CodeIgniter->run()
 8 SYSTEMPATH/Boot.php(67): CodeIgniter\Boot::runCodeIgniter()
 9 FCPATH/index.php(56): CodeIgniter\Boot::bootWeb()
CRITICAL - 2025-05-23 09:26:53 --> ErrorException: Undefined property: stdClass::$category
[Method: GET, Route: news_room/fetch]
in APPPATH/Controllers/News_Rooms.php on line 35.
 1 APPPATH/Controllers/News_Rooms.php(35): CodeIgniter\Debug\Exceptions->errorHandler()
 2 [internal function]: App\Controllers\News_Rooms->App\Controllers\{closure}()
 3 APPPATH/Controllers/News_Rooms.php(30): array_map()
 4 SYSTEMPATH/CodeIgniter.php(933): App\Controllers\News_Rooms->fetch()
 5 SYSTEMPATH/CodeIgniter.php(507): CodeIgniter\CodeIgniter->runController()
 6 SYSTEMPATH/CodeIgniter.php(354): CodeIgniter\CodeIgniter->handleRequest()
 7 SYSTEMPATH/Boot.php(334): CodeIgniter\CodeIgniter->run()
 8 SYSTEMPATH/Boot.php(67): CodeIgniter\Boot::runCodeIgniter()
 9 FCPATH/index.php(56): CodeIgniter\Boot::bootWeb()
