CRITICAL - 2025-05-18 00:56:32 --> CodeIgniter\Security\Exceptions\SecurityException: The action you requested is not allowed.
[Method: POST, Route: contact_us/submit]
in SYSTEMPATH/Security/Security.php on line 262.
 1 SYSTEMPATH/Security/Security.php(262): CodeIgniter\Security\Exceptions\SecurityException::forDisallowedAction()
 2 SYSTEMPATH/Filters/CSRF.php(52): CodeIgniter\Security\Security->verify()
 3 SYSTEMPATH/Filters/Filters.php(241): CodeIgniter\Filters\CSRF->before()
 4 SYSTEMPATH/Filters/Filters.php(221): CodeIgniter\Filters\Filters->runBefore()
 5 SYSTEMPATH/CodeIgniter.php(479): CodeIgniter\Filters\Filters->run()
 6 SYSTEMPATH/CodeIgniter.php(354): CodeIgniter\CodeIgniter->handleRequest()
 7 SYSTEMPATH/Boot.php(334): CodeIgniter\CodeIgniter->run()
 8 SYSTEMPATH/Boot.php(67): CodeIgniter\Boot::runCodeIgniter()
 9 FCPATH/index.php(56): CodeIgniter\Boot::bootWeb()
INFO - 2025-05-18 00:58:00 --> CSRF token verified.
INFO - 2025-05-18 01:17:44 --> CSRF token verified.
ERROR - 2025-05-18 01:17:45 --> mysqli_sql_exception: Unknown column 'updated_at' in 'field list' in /var/www/html/system/Database/MySQLi/Connection.php:327
Stack trace:
#0 /var/www/html/system/Database/MySQLi/Connection.php(327): mysqli->query()
#1 /var/www/html/system/Database/BaseConnection.php(738): CodeIgniter\Database\MySQLi\Connection->execute()
#2 /var/www/html/system/Database/BaseConnection.php(652): CodeIgniter\Database\BaseConnection->simpleQuery()
#3 /var/www/html/system/Database/BaseBuilder.php(2345): CodeIgniter\Database\BaseConnection->query()
#4 /var/www/html/system/Model.php(394): CodeIgniter\Database\BaseBuilder->insert()
#5 /var/www/html/system/BaseModel.php(839): CodeIgniter\Model->doInsert()
#6 /var/www/html/system/Model.php(800): CodeIgniter\BaseModel->insert()
#7 /var/www/html/app/Controllers/Contact_Us.php(105): CodeIgniter\Model->insert()
#8 /var/www/html/system/CodeIgniter.php(933): App\Controllers\Contact_Us->submit()
#9 /var/www/html/system/CodeIgniter.php(507): CodeIgniter\CodeIgniter->runController()
#10 /var/www/html/system/CodeIgniter.php(354): CodeIgniter\CodeIgniter->handleRequest()
#11 /var/www/html/system/Boot.php(334): CodeIgniter\CodeIgniter->run()
#12 /var/www/html/system/Boot.php(67): CodeIgniter\Boot::runCodeIgniter()
#13 /var/www/html/public/index.php(56): CodeIgniter\Boot::bootWeb()
#14 {main}
CRITICAL - 2025-05-18 01:17:45 --> CodeIgniter\Database\Exceptions\DatabaseException: Unknown column 'updated_at' in 'field list'
[Method: POST, Route: contact_us/submit]
in SYSTEMPATH/Database/BaseConnection.php on line 692.
 1 SYSTEMPATH/Database/BaseBuilder.php(2345): CodeIgniter\Database\BaseConnection->query()
 2 SYSTEMPATH/Model.php(394): CodeIgniter\Database\BaseBuilder->insert()
 3 SYSTEMPATH/BaseModel.php(839): CodeIgniter\Model->doInsert()
 4 SYSTEMPATH/Model.php(800): CodeIgniter\BaseModel->insert()
 5 APPPATH/Controllers/Contact_Us.php(105): CodeIgniter\Model->insert()
 6 SYSTEMPATH/CodeIgniter.php(933): App\Controllers\Contact_Us->submit()
 7 SYSTEMPATH/CodeIgniter.php(507): CodeIgniter\CodeIgniter->runController()
 8 SYSTEMPATH/CodeIgniter.php(354): CodeIgniter\CodeIgniter->handleRequest()
 9 SYSTEMPATH/Boot.php(334): CodeIgniter\CodeIgniter->run()
10 SYSTEMPATH/Boot.php(67): CodeIgniter\Boot::runCodeIgniter()
11 FCPATH/index.php(56): CodeIgniter\Boot::bootWeb()
CRITICAL - 2025-05-18 01:17:45 --> [Caused by] CodeIgniter\Database\Exceptions\DatabaseException: Unknown column 'updated_at' in 'field list'
in SYSTEMPATH/Database/MySQLi/Connection.php on line 332.
 1 SYSTEMPATH/Database/BaseConnection.php(738): CodeIgniter\Database\MySQLi\Connection->execute()
 2 SYSTEMPATH/Database/BaseConnection.php(652): CodeIgniter\Database\BaseConnection->simpleQuery()
 3 SYSTEMPATH/Database/BaseBuilder.php(2345): CodeIgniter\Database\BaseConnection->query()
 4 SYSTEMPATH/Model.php(394): CodeIgniter\Database\BaseBuilder->insert()
 5 SYSTEMPATH/BaseModel.php(839): CodeIgniter\Model->doInsert()
 6 SYSTEMPATH/Model.php(800): CodeIgniter\BaseModel->insert()
 7 APPPATH/Controllers/Contact_Us.php(105): CodeIgniter\Model->insert()
 8 SYSTEMPATH/CodeIgniter.php(933): App\Controllers\Contact_Us->submit()
 9 SYSTEMPATH/CodeIgniter.php(507): CodeIgniter\CodeIgniter->runController()
10 SYSTEMPATH/CodeIgniter.php(354): CodeIgniter\CodeIgniter->handleRequest()
11 SYSTEMPATH/Boot.php(334): CodeIgniter\CodeIgniter->run()
12 SYSTEMPATH/Boot.php(67): CodeIgniter\Boot::runCodeIgniter()
13 FCPATH/index.php(56): CodeIgniter\Boot::bootWeb()
CRITICAL - 2025-05-18 01:17:45 --> [Caused by] mysqli_sql_exception: Unknown column 'updated_at' in 'field list'
in SYSTEMPATH/Database/MySQLi/Connection.php on line 327.
 1 SYSTEMPATH/Database/MySQLi/Connection.php(327): mysqli->query()
 2 SYSTEMPATH/Database/BaseConnection.php(738): CodeIgniter\Database\MySQLi\Connection->execute()
 3 SYSTEMPATH/Database/BaseConnection.php(652): CodeIgniter\Database\BaseConnection->simpleQuery()
 4 SYSTEMPATH/Database/BaseBuilder.php(2345): CodeIgniter\Database\BaseConnection->query()
 5 SYSTEMPATH/Model.php(394): CodeIgniter\Database\BaseBuilder->insert()
 6 SYSTEMPATH/BaseModel.php(839): CodeIgniter\Model->doInsert()
 7 SYSTEMPATH/Model.php(800): CodeIgniter\BaseModel->insert()
 8 APPPATH/Controllers/Contact_Us.php(105): CodeIgniter\Model->insert()
 9 SYSTEMPATH/CodeIgniter.php(933): App\Controllers\Contact_Us->submit()
10 SYSTEMPATH/CodeIgniter.php(507): CodeIgniter\CodeIgniter->runController()
11 SYSTEMPATH/CodeIgniter.php(354): CodeIgniter\CodeIgniter->handleRequest()
12 SYSTEMPATH/Boot.php(334): CodeIgniter\CodeIgniter->run()
13 SYSTEMPATH/Boot.php(67): CodeIgniter\Boot::runCodeIgniter()
14 FCPATH/index.php(56): CodeIgniter\Boot::bootWeb()
CRITICAL - 2025-05-18 01:22:22 --> CodeIgniter\Security\Exceptions\SecurityException: The action you requested is not allowed.
[Method: POST, Route: contact_us/submit]
in SYSTEMPATH/Security/Security.php on line 262.
 1 SYSTEMPATH/Security/Security.php(262): CodeIgniter\Security\Exceptions\SecurityException::forDisallowedAction()
 2 SYSTEMPATH/Filters/CSRF.php(52): CodeIgniter\Security\Security->verify()
 3 SYSTEMPATH/Filters/Filters.php(241): CodeIgniter\Filters\CSRF->before()
 4 SYSTEMPATH/Filters/Filters.php(221): CodeIgniter\Filters\Filters->runBefore()
 5 SYSTEMPATH/CodeIgniter.php(479): CodeIgniter\Filters\Filters->run()
 6 SYSTEMPATH/CodeIgniter.php(354): CodeIgniter\CodeIgniter->handleRequest()
 7 SYSTEMPATH/Boot.php(334): CodeIgniter\CodeIgniter->run()
 8 SYSTEMPATH/Boot.php(67): CodeIgniter\Boot::runCodeIgniter()
 9 FCPATH/index.php(56): CodeIgniter\Boot::bootWeb()
CRITICAL - 2025-05-18 01:27:59 --> CodeIgniter\Security\Exceptions\SecurityException: The action you requested is not allowed.
[Method: POST, Route: contact_us/submit]
in SYSTEMPATH/Security/Security.php on line 262.
 1 SYSTEMPATH/Security/Security.php(262): CodeIgniter\Security\Exceptions\SecurityException::forDisallowedAction()
 2 SYSTEMPATH/Filters/CSRF.php(52): CodeIgniter\Security\Security->verify()
 3 SYSTEMPATH/Filters/Filters.php(241): CodeIgniter\Filters\CSRF->before()
 4 SYSTEMPATH/Filters/Filters.php(221): CodeIgniter\Filters\Filters->runBefore()
 5 SYSTEMPATH/CodeIgniter.php(479): CodeIgniter\Filters\Filters->run()
 6 SYSTEMPATH/CodeIgniter.php(354): CodeIgniter\CodeIgniter->handleRequest()
 7 SYSTEMPATH/Boot.php(334): CodeIgniter\CodeIgniter->run()
 8 SYSTEMPATH/Boot.php(67): CodeIgniter\Boot::runCodeIgniter()
 9 FCPATH/index.php(56): CodeIgniter\Boot::bootWeb()
CRITICAL - 2025-05-18 03:07:48 --> Error: Call to undefined function App\Controllers\send_contact_email()
[Method: POST, Route: contact_us/submit]
in APPPATH/Controllers/Contact_Us.php on line 108.
 1 SYSTEMPATH/CodeIgniter.php(933): App\Controllers\Contact_Us->submit()
 2 SYSTEMPATH/CodeIgniter.php(507): CodeIgniter\CodeIgniter->runController()
 3 SYSTEMPATH/CodeIgniter.php(354): CodeIgniter\CodeIgniter->handleRequest()
 4 SYSTEMPATH/Boot.php(334): CodeIgniter\CodeIgniter->run()
 5 SYSTEMPATH/Boot.php(67): CodeIgniter\Boot::runCodeIgniter()
 6 FCPATH/index.php(56): CodeIgniter\Boot::bootWeb()
CRITICAL - 2025-05-18 03:07:59 --> Error: Call to undefined function App\Controllers\send_contact_email()
[Method: POST, Route: contact_us/submit]
in APPPATH/Controllers/Contact_Us.php on line 108.
 1 SYSTEMPATH/CodeIgniter.php(933): App\Controllers\Contact_Us->submit()
 2 SYSTEMPATH/CodeIgniter.php(507): CodeIgniter\CodeIgniter->runController()
 3 SYSTEMPATH/CodeIgniter.php(354): CodeIgniter\CodeIgniter->handleRequest()
 4 SYSTEMPATH/Boot.php(334): CodeIgniter\CodeIgniter->run()
 5 SYSTEMPATH/Boot.php(67): CodeIgniter\Boot::runCodeIgniter()
 6 FCPATH/index.php(56): CodeIgniter\Boot::bootWeb()
ERROR - 2025-05-18 03:08:24 --> Email: Unable to send email using PHP mail(). Your server might not be configured to send mail using this method.
ERROR - 2025-05-18 03:08:24 --> 
CRITICAL - 2025-05-18 03:10:46 --> ParseError: syntax error, unexpected variable "$this", expecting "function"
[Method: POST, Route: contact_us/submit]
in APPPATH/Config/Email.php on line 9.
 1 SYSTEMPATH/Autoloader/Autoloader.php(295): CodeIgniter\Autoloader\Autoloader->includeFile()
 2 SYSTEMPATH/Autoloader/Autoloader.php(271): CodeIgniter\Autoloader\Autoloader->loadInNamespace()
 3 [internal function]: CodeIgniter\Autoloader\Autoloader->loadClass()
 4 SYSTEMPATH/Config/Factories.php(297): class_exists()
 5 SYSTEMPATH/Config/Factories.php(216): CodeIgniter\Config\Factories::locateClass()
 6 SYSTEMPATH/Config/Factories.php(159): CodeIgniter\Config\Factories::getDefinedInstance()
 7 SYSTEMPATH/Config/Factories.php(188): CodeIgniter\Config\Factories::__callStatic()
 8 SYSTEMPATH/Common.php(210): CodeIgniter\Config\Factories::get()
 9 SYSTEMPATH/Config/Services.php(234): config()
10 SYSTEMPATH/Config/BaseService.php(312): CodeIgniter\Config\Services::email()
11 SYSTEMPATH/Config/BaseService.php(251): CodeIgniter\Config\BaseService::__callStatic()
12 SYSTEMPATH/Config/Services.php(230): CodeIgniter\Config\BaseService::getSharedInstance()
13 SYSTEMPATH/Config/BaseService.php(321): CodeIgniter\Config\Services::email()
14 SYSTEMPATH/Helpers/email_helper.php(8): CodeIgniter\Config\BaseService::__callStatic()
15 APPPATH/Controllers/Contact_Us.php(108): send_contact_email()
16 SYSTEMPATH/CodeIgniter.php(933): App\Controllers\Contact_Us->submit()
17 SYSTEMPATH/CodeIgniter.php(507): CodeIgniter\CodeIgniter->runController()
18 SYSTEMPATH/CodeIgniter.php(354): CodeIgniter\CodeIgniter->handleRequest()
19 SYSTEMPATH/Boot.php(334): CodeIgniter\CodeIgniter->run()
20 SYSTEMPATH/Boot.php(67): CodeIgniter\Boot::runCodeIgniter()
21 FCPATH/index.php(56): CodeIgniter\Boot::bootWeb()
ERROR - 2025-05-18 03:15:39 --> Email: Unable to send email using PHP mail(). Your server might not be configured to send mail using this method.
ERROR - 2025-05-18 03:15:39 --> 
CRITICAL - 2025-05-18 03:24:21 --> TypeError: str_contains(): Argument #1 ($haystack) must be of type string, false given
[Method: POST, Route: contact_us/submit]
in SYSTEMPATH/Email/Email.php on line 753.
 1 SYSTEMPATH/Email/Email.php(753): str_contains()
 2 SYSTEMPATH/Email/Email.php(556): CodeIgniter\Email\Email->stringToArray()
 3 SYSTEMPATH/Helpers/email_helper.php(18): CodeIgniter\Email\Email->setTo()
 4 APPPATH/Controllers/Contact_Us.php(108): send_contact_email()
 5 SYSTEMPATH/CodeIgniter.php(933): App\Controllers\Contact_Us->submit()
 6 SYSTEMPATH/CodeIgniter.php(507): CodeIgniter\CodeIgniter->runController()
 7 SYSTEMPATH/CodeIgniter.php(354): CodeIgniter\CodeIgniter->handleRequest()
 8 SYSTEMPATH/Boot.php(334): CodeIgniter\CodeIgniter->run()
 9 SYSTEMPATH/Boot.php(67): CodeIgniter\Boot::runCodeIgniter()
10 FCPATH/index.php(56): CodeIgniter\Boot::bootWeb()
CRITICAL - 2025-05-18 03:27:58 --> TypeError: str_contains(): Argument #1 ($haystack) must be of type string, false given
[Method: POST, Route: contact_us/submit]
in SYSTEMPATH/Email/Email.php on line 753.
 1 SYSTEMPATH/Email/Email.php(753): str_contains()
 2 SYSTEMPATH/Email/Email.php(556): CodeIgniter\Email\Email->stringToArray()
 3 SYSTEMPATH/Helpers/email_helper.php(18): CodeIgniter\Email\Email->setTo()
 4 APPPATH/Controllers/Contact_Us.php(108): send_contact_email()
 5 SYSTEMPATH/CodeIgniter.php(933): App\Controllers\Contact_Us->submit()
 6 SYSTEMPATH/CodeIgniter.php(507): CodeIgniter\CodeIgniter->runController()
 7 SYSTEMPATH/CodeIgniter.php(354): CodeIgniter\CodeIgniter->handleRequest()
 8 SYSTEMPATH/Boot.php(334): CodeIgniter\CodeIgniter->run()
 9 SYSTEMPATH/Boot.php(67): CodeIgniter\Boot::runCodeIgniter()
10 FCPATH/index.php(56): CodeIgniter\Boot::bootWeb()
CRITICAL - 2025-05-18 03:28:53 --> TypeError: str_contains(): Argument #1 ($haystack) must be of type string, false given
[Method: POST, Route: contact_us/submit]
in SYSTEMPATH/Email/Email.php on line 753.
 1 SYSTEMPATH/Email/Email.php(753): str_contains()
 2 SYSTEMPATH/Email/Email.php(556): CodeIgniter\Email\Email->stringToArray()
 3 SYSTEMPATH/Helpers/email_helper.php(18): CodeIgniter\Email\Email->setTo()
 4 APPPATH/Controllers/Contact_Us.php(108): send_contact_email()
 5 SYSTEMPATH/CodeIgniter.php(933): App\Controllers\Contact_Us->submit()
 6 SYSTEMPATH/CodeIgniter.php(507): CodeIgniter\CodeIgniter->runController()
 7 SYSTEMPATH/CodeIgniter.php(354): CodeIgniter\CodeIgniter->handleRequest()
 8 SYSTEMPATH/Boot.php(334): CodeIgniter\CodeIgniter->run()
 9 SYSTEMPATH/Boot.php(67): CodeIgniter\Boot::runCodeIgniter()
10 FCPATH/index.php(56): CodeIgniter\Boot::bootWeb()
CRITICAL - 2025-05-18 03:29:01 --> TypeError: str_contains(): Argument #1 ($haystack) must be of type string, false given
[Method: POST, Route: contact_us/submit]
in SYSTEMPATH/Email/Email.php on line 753.
 1 SYSTEMPATH/Email/Email.php(753): str_contains()
 2 SYSTEMPATH/Email/Email.php(556): CodeIgniter\Email\Email->stringToArray()
 3 SYSTEMPATH/Helpers/email_helper.php(18): CodeIgniter\Email\Email->setTo()
 4 APPPATH/Controllers/Contact_Us.php(108): send_contact_email()
 5 SYSTEMPATH/CodeIgniter.php(933): App\Controllers\Contact_Us->submit()
 6 SYSTEMPATH/CodeIgniter.php(507): CodeIgniter\CodeIgniter->runController()
 7 SYSTEMPATH/CodeIgniter.php(354): CodeIgniter\CodeIgniter->handleRequest()
 8 SYSTEMPATH/Boot.php(334): CodeIgniter\CodeIgniter->run()
 9 SYSTEMPATH/Boot.php(67): CodeIgniter\Boot::runCodeIgniter()
10 FCPATH/index.php(56): CodeIgniter\Boot::bootWeb()
CRITICAL - 2025-05-18 03:35:54 --> TypeError: str_contains(): Argument #1 ($haystack) must be of type string, false given
[Method: POST, Route: contact_us/submit]
in SYSTEMPATH/Email/Email.php on line 753.
 1 SYSTEMPATH/Email/Email.php(753): str_contains()
 2 SYSTEMPATH/Email/Email.php(556): CodeIgniter\Email\Email->stringToArray()
 3 SYSTEMPATH/Helpers/email_helper.php(18): CodeIgniter\Email\Email->setTo()
 4 APPPATH/Controllers/Contact_Us.php(108): send_contact_email()
 5 SYSTEMPATH/CodeIgniter.php(933): App\Controllers\Contact_Us->submit()
 6 SYSTEMPATH/CodeIgniter.php(507): CodeIgniter\CodeIgniter->runController()
 7 SYSTEMPATH/CodeIgniter.php(354): CodeIgniter\CodeIgniter->handleRequest()
 8 SYSTEMPATH/Boot.php(334): CodeIgniter\CodeIgniter->run()
 9 SYSTEMPATH/Boot.php(67): CodeIgniter\Boot::runCodeIgniter()
10 FCPATH/index.php(56): CodeIgniter\Boot::bootWeb()
CRITICAL - 2025-05-18 03:39:42 --> TypeError: str_contains(): Argument #1 ($haystack) must be of type string, false given
[Method: POST, Route: contact_us/submit]
in SYSTEMPATH/Email/Email.php on line 753.
 1 SYSTEMPATH/Email/Email.php(753): str_contains()
 2 SYSTEMPATH/Email/Email.php(556): CodeIgniter\Email\Email->stringToArray()
 3 SYSTEMPATH/Helpers/email_helper.php(18): CodeIgniter\Email\Email->setTo()
 4 APPPATH/Controllers/Contact_Us.php(108): send_contact_email()
 5 SYSTEMPATH/CodeIgniter.php(933): App\Controllers\Contact_Us->submit()
 6 SYSTEMPATH/CodeIgniter.php(507): CodeIgniter\CodeIgniter->runController()
 7 SYSTEMPATH/CodeIgniter.php(354): CodeIgniter\CodeIgniter->handleRequest()
 8 SYSTEMPATH/Boot.php(334): CodeIgniter\CodeIgniter->run()
 9 SYSTEMPATH/Boot.php(67): CodeIgniter\Boot::runCodeIgniter()
10 FCPATH/index.php(56): CodeIgniter\Boot::bootWeb()
CRITICAL - 2025-05-18 03:42:23 --> TypeError: str_contains(): Argument #1 ($haystack) must be of type string, false given
[Method: POST, Route: contact_us/submit]
in SYSTEMPATH/Email/Email.php on line 753.
 1 SYSTEMPATH/Email/Email.php(753): str_contains()
 2 SYSTEMPATH/Email/Email.php(556): CodeIgniter\Email\Email->stringToArray()
 3 SYSTEMPATH/Helpers/email_helper.php(18): CodeIgniter\Email\Email->setTo()
 4 APPPATH/Controllers/Contact_Us.php(108): send_contact_email()
 5 SYSTEMPATH/CodeIgniter.php(933): App\Controllers\Contact_Us->submit()
 6 SYSTEMPATH/CodeIgniter.php(507): CodeIgniter\CodeIgniter->runController()
 7 SYSTEMPATH/CodeIgniter.php(354): CodeIgniter\CodeIgniter->handleRequest()
 8 SYSTEMPATH/Boot.php(334): CodeIgniter\CodeIgniter->run()
 9 SYSTEMPATH/Boot.php(67): CodeIgniter\Boot::runCodeIgniter()
10 FCPATH/index.php(56): CodeIgniter\Boot::bootWeb()
CRITICAL - 2025-05-18 03:45:49 --> TypeError: str_contains(): Argument #1 ($haystack) must be of type string, false given
[Method: POST, Route: contact_us/submit]
in SYSTEMPATH/Email/Email.php on line 753.
 1 SYSTEMPATH/Email/Email.php(753): str_contains()
 2 SYSTEMPATH/Email/Email.php(556): CodeIgniter\Email\Email->stringToArray()
 3 SYSTEMPATH/Helpers/email_helper.php(22): CodeIgniter\Email\Email->setTo()
 4 APPPATH/Controllers/Contact_Us.php(108): send_contact_email()
 5 SYSTEMPATH/CodeIgniter.php(933): App\Controllers\Contact_Us->submit()
 6 SYSTEMPATH/CodeIgniter.php(507): CodeIgniter\CodeIgniter->runController()
 7 SYSTEMPATH/CodeIgniter.php(354): CodeIgniter\CodeIgniter->handleRequest()
 8 SYSTEMPATH/Boot.php(334): CodeIgniter\CodeIgniter->run()
 9 SYSTEMPATH/Boot.php(67): CodeIgniter\Boot::runCodeIgniter()
10 FCPATH/index.php(56): CodeIgniter\Boot::bootWeb()
